app/build/intermediates/manifest_merge_blame_file/release/manifest-merger-blame-release-report.txt
1<?xml version="1.0" encoding="utf-8"?>
2<manifest xmlns:android="http://schemas.android.com/apk/res/android"
3    package="com.innovacion.nfc_dni"
4    android:versionCode="2"
5    android:versionName="1.1" >
6
7    <uses-sdk
8        android:minSdkVersion="26"
9        android:targetSdkVersion="34" />
10
11    <uses-permission android:name="android.permission.NFC" />
11-->src\main\AndroidManifest.xml:4:5-62
11-->src\main\AndroidManifest.xml:4:22-59
12    <uses-permission android:name="android.permission.CAMERA" />
12-->src\main\AndroidManifest.xml:5:5-65
12-->src\main\AndroidManifest.xml:5:22-62
13
14    <uses-feature
14-->src\main\AndroidManifest.xml:7:5-81
15        android:name="android.hardware.nfc"
15-->src\main\AndroidManifest.xml:7:19-54
16        android:required="true" />
16-->src\main\AndroidManifest.xml:7:55-78
17    <uses-feature
17-->src\main\AndroidManifest.xml:8:5-85
18        android:name="android.hardware.camera"
18-->src\main\AndroidManifest.xml:8:19-57
19        android:required="false" />
19-->src\main\AndroidManifest.xml:8:58-82
20
21    <permission
21-->[androidx.core:core:1.12.0] AndroidManifest.xml:22:5-24:47
22        android:name="com.innovacion.nfc_dni.DYNAMIC_RECEIVER_NOT_EXPORTED_PERMISSION"
22-->[androidx.core:core:1.12.0] AndroidManifest.xml:23:9-81
23        android:protectionLevel="signature" />
23-->[androidx.core:core:1.12.0] AndroidManifest.xml:24:9-44
24
25    <uses-permission android:name="com.innovacion.nfc_dni.DYNAMIC_RECEIVER_NOT_EXPORTED_PERMISSION" /> <!-- Although the *SdkVersion is captured in gradle build files, this is required for non gradle builds -->
25-->[androidx.core:core:1.12.0] AndroidManifest.xml:26:5-97
25-->[androidx.core:core:1.12.0] AndroidManifest.xml:26:22-94
26    <!-- <uses-sdk android:minSdkVersion="14"/> -->
27    <uses-permission android:name="android.permission.ACCESS_NETWORK_STATE" />
27-->[com.google.android.datatransport:transport-backend-cct:2.3.3] AndroidManifest.xml:25:5-79
27-->[com.google.android.datatransport:transport-backend-cct:2.3.3] AndroidManifest.xml:25:22-76
28    <uses-permission android:name="android.permission.INTERNET" />
28-->[com.google.android.datatransport:transport-backend-cct:2.3.3] AndroidManifest.xml:26:5-67
28-->[com.google.android.datatransport:transport-backend-cct:2.3.3] AndroidManifest.xml:26:22-64
29
30    <application
30-->src\main\AndroidManifest.xml:10:5-36:19
31        android:allowBackup="true"
31-->src\main\AndroidManifest.xml:11:9-35
32        android:appComponentFactory="androidx.core.app.CoreComponentFactory"
32-->[androidx.core:core:1.12.0] AndroidManifest.xml:28:18-86
33        android:extractNativeLibs="false"
34        android:icon="@mipmap/ic_launcher"
34-->src\main\AndroidManifest.xml:12:9-43
35        android:label="@string/app_name"
35-->src\main\AndroidManifest.xml:14:9-41
36        android:roundIcon="@mipmap/ic_launcher_round"
36-->src\main\AndroidManifest.xml:13:9-54
37        android:supportsRtl="true"
37-->src\main\AndroidManifest.xml:15:9-35
38        android:theme="@style/Theme.App" >
38-->src\main\AndroidManifest.xml:16:9-41
39        <activity
39-->src\main\AndroidManifest.xml:18:9-33:20
40            android:name="com.innovacion.nfc_dni.MainActivity"
40-->src\main\AndroidManifest.xml:19:13-41
41            android:exported="true" >
41-->src\main\AndroidManifest.xml:20:13-36
42            <intent-filter>
42-->src\main\AndroidManifest.xml:21:13-24:29
43                <action android:name="android.intent.action.MAIN" />
43-->src\main\AndroidManifest.xml:22:17-69
43-->src\main\AndroidManifest.xml:22:25-66
44
45                <category android:name="android.intent.category.LAUNCHER" />
45-->src\main\AndroidManifest.xml:23:17-77
45-->src\main\AndroidManifest.xml:23:27-74
46            </intent-filter>
47
48            <!-- Filtro para detectar DNIe automáticamente -->
49            <intent-filter>
49-->src\main\AndroidManifest.xml:27:13-29:29
50                <action android:name="android.nfc.action.TECH_DISCOVERED" />
50-->src\main\AndroidManifest.xml:28:17-77
50-->src\main\AndroidManifest.xml:28:25-74
51            </intent-filter>
52
53            <meta-data
53-->src\main\AndroidManifest.xml:30:13-32:59
54                android:name="android.nfc.action.TECH_DISCOVERED"
54-->src\main\AndroidManifest.xml:31:17-66
55                android:resource="@xml/nfc_tech_filter" />
55-->src\main\AndroidManifest.xml:32:17-56
56        </activity>
57        <activity android:name="com.innovacion.nfc_dni.ScannerActivity" />
57-->src\main\AndroidManifest.xml:35:9-53
57-->src\main\AndroidManifest.xml:35:19-50
58        <!--
59        Service for holding metadata. Cannot be instantiated.
60        Metadata will be merged from other manifests.
61        -->
62        <service
62-->[androidx.camera:camera-core:1.3.0] AndroidManifest.xml:29:9-33:78
63            android:name="androidx.camera.core.impl.MetadataHolderService"
63-->[androidx.camera:camera-core:1.3.0] AndroidManifest.xml:30:13-75
64            android:enabled="false"
64-->[androidx.camera:camera-core:1.3.0] AndroidManifest.xml:31:13-36
65            android:exported="false" >
65-->[androidx.camera:camera-core:1.3.0] AndroidManifest.xml:32:13-37
66            <meta-data
66-->[androidx.camera:camera-camera2:1.3.0] AndroidManifest.xml:30:13-32:89
67                android:name="androidx.camera.core.impl.MetadataHolderService.DEFAULT_CONFIG_PROVIDER"
67-->[androidx.camera:camera-camera2:1.3.0] AndroidManifest.xml:31:17-103
68                android:value="androidx.camera.camera2.Camera2Config$DefaultProvider" />
68-->[androidx.camera:camera-camera2:1.3.0] AndroidManifest.xml:32:17-86
69        </service>
70
71        <provider
71-->[androidx.emoji2:emoji2:1.2.0] AndroidManifest.xml:24:9-32:20
72            android:name="androidx.startup.InitializationProvider"
72-->[androidx.emoji2:emoji2:1.2.0] AndroidManifest.xml:25:13-67
73            android:authorities="com.innovacion.nfc_dni.androidx-startup"
73-->[androidx.emoji2:emoji2:1.2.0] AndroidManifest.xml:26:13-68
74            android:exported="false" >
74-->[androidx.emoji2:emoji2:1.2.0] AndroidManifest.xml:27:13-37
75            <meta-data
75-->[androidx.emoji2:emoji2:1.2.0] AndroidManifest.xml:29:13-31:52
76                android:name="androidx.emoji2.text.EmojiCompatInitializer"
76-->[androidx.emoji2:emoji2:1.2.0] AndroidManifest.xml:30:17-75
77                android:value="androidx.startup" />
77-->[androidx.emoji2:emoji2:1.2.0] AndroidManifest.xml:31:17-49
78            <meta-data
78-->[androidx.lifecycle:lifecycle-process:2.6.1] AndroidManifest.xml:29:13-31:52
79                android:name="androidx.lifecycle.ProcessLifecycleInitializer"
79-->[androidx.lifecycle:lifecycle-process:2.6.1] AndroidManifest.xml:30:17-78
80                android:value="androidx.startup" />
80-->[androidx.lifecycle:lifecycle-process:2.6.1] AndroidManifest.xml:31:17-49
81            <meta-data
81-->[androidx.profileinstaller:profileinstaller:1.3.0] AndroidManifest.xml:29:13-31:52
82                android:name="androidx.profileinstaller.ProfileInstallerInitializer"
82-->[androidx.profileinstaller:profileinstaller:1.3.0] AndroidManifest.xml:30:17-85
83                android:value="androidx.startup" />
83-->[androidx.profileinstaller:profileinstaller:1.3.0] AndroidManifest.xml:31:17-49
84        </provider>
85
86        <service
86-->[com.google.android.gms:play-services-mlkit-barcode-scanning:18.3.0] AndroidManifest.xml:9:9-15:19
87            android:name="com.google.mlkit.common.internal.MlKitComponentDiscoveryService"
87-->[com.google.android.gms:play-services-mlkit-barcode-scanning:18.3.0] AndroidManifest.xml:10:13-91
88            android:directBootAware="true"
88-->[com.google.mlkit:common:18.9.0] AndroidManifest.xml:17:13-43
89            android:exported="false" >
89-->[com.google.android.gms:play-services-mlkit-barcode-scanning:18.3.0] AndroidManifest.xml:11:13-37
90            <meta-data
90-->[com.google.android.gms:play-services-mlkit-barcode-scanning:18.3.0] AndroidManifest.xml:12:13-14:85
91                android:name="com.google.firebase.components:com.google.mlkit.vision.barcode.internal.BarcodeRegistrar"
91-->[com.google.android.gms:play-services-mlkit-barcode-scanning:18.3.0] AndroidManifest.xml:13:17-120
92                android:value="com.google.firebase.components.ComponentRegistrar" />
92-->[com.google.android.gms:play-services-mlkit-barcode-scanning:18.3.0] AndroidManifest.xml:14:17-82
93            <meta-data
93-->[com.google.mlkit:vision-common:17.3.0] AndroidManifest.xml:12:13-14:85
94                android:name="com.google.firebase.components:com.google.mlkit.vision.common.internal.VisionCommonRegistrar"
94-->[com.google.mlkit:vision-common:17.3.0] AndroidManifest.xml:13:17-124
95                android:value="com.google.firebase.components.ComponentRegistrar" />
95-->[com.google.mlkit:vision-common:17.3.0] AndroidManifest.xml:14:17-82
96            <meta-data
96-->[com.google.mlkit:common:18.9.0] AndroidManifest.xml:20:13-22:85
97                android:name="com.google.firebase.components:com.google.mlkit.common.internal.CommonComponentRegistrar"
97-->[com.google.mlkit:common:18.9.0] AndroidManifest.xml:21:17-120
98                android:value="com.google.firebase.components.ComponentRegistrar" />
98-->[com.google.mlkit:common:18.9.0] AndroidManifest.xml:22:17-82
99        </service>
100
101        <provider
101-->[com.google.mlkit:common:18.9.0] AndroidManifest.xml:9:9-13:38
102            android:name="com.google.mlkit.common.internal.MlKitInitProvider"
102-->[com.google.mlkit:common:18.9.0] AndroidManifest.xml:10:13-78
103            android:authorities="com.innovacion.nfc_dni.mlkitinitprovider"
103-->[com.google.mlkit:common:18.9.0] AndroidManifest.xml:11:13-69
104            android:exported="false"
104-->[com.google.mlkit:common:18.9.0] AndroidManifest.xml:12:13-37
105            android:initOrder="99" />
105-->[com.google.mlkit:common:18.9.0] AndroidManifest.xml:13:13-35
106
107        <activity
107-->[com.google.android.gms:play-services-base:18.1.0] AndroidManifest.xml:20:9-22:45
108            android:name="com.google.android.gms.common.api.GoogleApiActivity"
108-->[com.google.android.gms:play-services-base:18.1.0] AndroidManifest.xml:20:19-85
109            android:exported="false"
109-->[com.google.android.gms:play-services-base:18.1.0] AndroidManifest.xml:22:19-43
110            android:theme="@android:style/Theme.Translucent.NoTitleBar" />
110-->[com.google.android.gms:play-services-base:18.1.0] AndroidManifest.xml:21:19-78
111
112        <meta-data
112-->[com.google.android.gms:play-services-basement:18.1.0] AndroidManifest.xml:21:9-23:69
113            android:name="com.google.android.gms.version"
113-->[com.google.android.gms:play-services-basement:18.1.0] AndroidManifest.xml:22:13-58
114            android:value="@integer/google_play_services_version" />
114-->[com.google.android.gms:play-services-basement:18.1.0] AndroidManifest.xml:23:13-66
115
116        <receiver
116-->[androidx.profileinstaller:profileinstaller:1.3.0] AndroidManifest.xml:34:9-52:20
117            android:name="androidx.profileinstaller.ProfileInstallReceiver"
117-->[androidx.profileinstaller:profileinstaller:1.3.0] AndroidManifest.xml:35:13-76
118            android:directBootAware="false"
118-->[androidx.profileinstaller:profileinstaller:1.3.0] AndroidManifest.xml:36:13-44
119            android:enabled="true"
119-->[androidx.profileinstaller:profileinstaller:1.3.0] AndroidManifest.xml:37:13-35
120            android:exported="true"
120-->[androidx.profileinstaller:profileinstaller:1.3.0] AndroidManifest.xml:38:13-36
121            android:permission="android.permission.DUMP" >
121-->[androidx.profileinstaller:profileinstaller:1.3.0] AndroidManifest.xml:39:13-57
122            <intent-filter>
122-->[androidx.profileinstaller:profileinstaller:1.3.0] AndroidManifest.xml:40:13-42:29
123                <action android:name="androidx.profileinstaller.action.INSTALL_PROFILE" />
123-->[androidx.profileinstaller:profileinstaller:1.3.0] AndroidManifest.xml:41:17-91
123-->[androidx.profileinstaller:profileinstaller:1.3.0] AndroidManifest.xml:41:25-88
124            </intent-filter>
125            <intent-filter>
125-->[androidx.profileinstaller:profileinstaller:1.3.0] AndroidManifest.xml:43:13-45:29
126                <action android:name="androidx.profileinstaller.action.SKIP_FILE" />
126-->[androidx.profileinstaller:profileinstaller:1.3.0] AndroidManifest.xml:44:17-85
126-->[androidx.profileinstaller:profileinstaller:1.3.0] AndroidManifest.xml:44:25-82
127            </intent-filter>
128            <intent-filter>
128-->[androidx.profileinstaller:profileinstaller:1.3.0] AndroidManifest.xml:46:13-48:29
129                <action android:name="androidx.profileinstaller.action.SAVE_PROFILE" />
129-->[androidx.profileinstaller:profileinstaller:1.3.0] AndroidManifest.xml:47:17-88
129-->[androidx.profileinstaller:profileinstaller:1.3.0] AndroidManifest.xml:47:25-85
130            </intent-filter>
131            <intent-filter>
131-->[androidx.profileinstaller:profileinstaller:1.3.0] AndroidManifest.xml:49:13-51:29
132                <action android:name="androidx.profileinstaller.action.BENCHMARK_OPERATION" />
132-->[androidx.profileinstaller:profileinstaller:1.3.0] AndroidManifest.xml:50:17-95
132-->[androidx.profileinstaller:profileinstaller:1.3.0] AndroidManifest.xml:50:25-92
133            </intent-filter>
134        </receiver>
135
136        <service
136-->[com.google.android.datatransport:transport-backend-cct:2.3.3] AndroidManifest.xml:29:9-35:19
137            android:name="com.google.android.datatransport.runtime.backends.TransportBackendDiscovery"
137-->[com.google.android.datatransport:transport-backend-cct:2.3.3] AndroidManifest.xml:30:13-103
138            android:exported="false" >
138-->[com.google.android.datatransport:transport-backend-cct:2.3.3] AndroidManifest.xml:31:13-37
139            <meta-data
139-->[com.google.android.datatransport:transport-backend-cct:2.3.3] AndroidManifest.xml:32:13-34:39
140                android:name="backend:com.google.android.datatransport.cct.CctBackendFactory"
140-->[com.google.android.datatransport:transport-backend-cct:2.3.3] AndroidManifest.xml:33:17-94
141                android:value="cct" />
141-->[com.google.android.datatransport:transport-backend-cct:2.3.3] AndroidManifest.xml:34:17-36
142        </service>
143        <service
143-->[com.google.android.datatransport:transport-runtime:2.2.6] AndroidManifest.xml:26:9-30:19
144            android:name="com.google.android.datatransport.runtime.scheduling.jobscheduling.JobInfoSchedulerService"
144-->[com.google.android.datatransport:transport-runtime:2.2.6] AndroidManifest.xml:27:13-117
145            android:exported="false"
145-->[com.google.android.datatransport:transport-runtime:2.2.6] AndroidManifest.xml:28:13-37
146            android:permission="android.permission.BIND_JOB_SERVICE" >
146-->[com.google.android.datatransport:transport-runtime:2.2.6] AndroidManifest.xml:29:13-69
147        </service>
148
149        <receiver
149-->[com.google.android.datatransport:transport-runtime:2.2.6] AndroidManifest.xml:32:9-34:40
150            android:name="com.google.android.datatransport.runtime.scheduling.jobscheduling.AlarmManagerSchedulerBroadcastReceiver"
150-->[com.google.android.datatransport:transport-runtime:2.2.6] AndroidManifest.xml:33:13-132
151            android:exported="false" />
151-->[com.google.android.datatransport:transport-runtime:2.2.6] AndroidManifest.xml:34:13-37
152    </application>
153
154</manifest>